[GIN] 2018/03/27 - 19:43:06 | 200 |    9.180764ms |             ::1 | POST     /api/v1/user/login
[GIN] 2018/03/27 - 19:44:24 | 200 |    4.582336ms |             ::1 | POST     /api/v1/talk/add
[GIN] 2018/03/27 - 19:44:46 | 200 |      215.44µs |             ::1 | POST     /api/v1/talk/add
[GIN] 2018/03/27 - 19:44:52 | 200 |     237.655µs |             ::1 | POST     /api/v1/talk/add
[GIN] 2018/03/27 - 19:52:49 | 200 |     844.559µs |             ::1 | POST     /api/v1/talk/add
[GIN] 2018/03/27 - 19:54:41 | 200 |    1.704641ms |             ::1 | POST     /api/v1/talk/add
[GIN] 2018/03/27 - 19:55:15 | 200 |     366.571µs |             ::1 | POST     /api/v1/talk/add
[GIN] 2018/03/27 - 19:58:21 | 200 |    1.226603ms |             ::1 | POST     /api/v1/talk/add
[GIN] 2018/03/27 - 19:58:22 | 200 |     326.015µs |             ::1 | POST     /api/v1/talk/add
[GIN] 2018/03/27 - 20:00:00 | 200 |    6.851212ms |             ::1 | POST     /api/v1/talk/add
[GIN] 2018/03/27 - 20:01:04 | 200 |   12.714699ms |             ::1 | POST     /api/v1/talk/add
[GIN] 2018/03/27 - 20:01:21 | 200 |    2.342224ms |             ::1 | POST     /api/v1/talk/add
[GIN] 2018/03/27 - 20:01:25 | 500 |   10.160289ms |             ::1 | POST     /api/v1/talk/add
[GIN] 2018/03/27 - 20:01:50 | 500 |    3.668857ms |             ::1 | POST     /api/v1/talk/add
[GIN] 2018/03/27 - 20:02:44 | 200 |    1.504358ms |             ::1 | POST     /api/v1/talk/add
[GIN] 2018/03/27 - 21:02:10 | 200 |    4.439193ms |             ::1 | PUT      /api/v1/talk/up
[GIN] 2018/03/27 - 21:02:28 | 200 |    7.088338ms |             ::1 | PUT      /api/v1/talk/up
[GIN] 2018/03/27 - 21:02:37 | 200 |    1.453284ms |             ::1 | PUT      /api/v1/talk/up
[GIN] 2018/03/27 - 21:03:49 | 200 |    4.198186ms |             ::1 | PUT      /api/v1/talk/up
[GIN] 2018/03/27 - 21:06:44 | 200 |    7.686894ms |             ::1 | PUT      /api/v1/talk/up
[GIN] 2018/03/27 - 21:06:57 | 200 |    6.449625ms |             ::1 | PUT      /api/v1/talk/up
[GIN] 2018/03/27 - 21:09:30 | 200 |     758.276µs |             ::1 | POST     /api/v1/talk/add
[GIN] 2018/03/27 - 21:09:34 | 200 |    3.973443ms |             ::1 | POST     /api/v1/talk/add
[GIN] 2018/03/27 - 21:10:26 | 200 |    9.495195ms |             ::1 | POST     /api/v1/argue/add
